[2019-Jul-09 16:20:59] [        loggingSetup.py] [           getLogger] [   INFO  30]: =======================================
[2019-Jul-09 16:20:59] [        loggingSetup.py] [           getLogger] [   INFO  31]: New Log Entry into log: contMyEntity
[2019-Jul-09 16:20:59] [        loggingSetup.py] [           getLogger] [   INFO  32]: =======================================
[2019-Jul-09 16:20:59] [        contMyEntity.py] [            __init__] [  DEBUG  11]: starting, parent: <PyQt5.QtWidgets.QWidget object at 0x00000264CE2C90D8>
[2019-Jul-09 16:21:00] [       modelMyEntity.py] [            getModel] [  DEBUG  43]: starting
[2019-Jul-09 16:21:00] [       modelMyEntity.py] [        __setupModel] [  DEBUG  21]: starting
[2019-Jul-09 16:21:00] [       modelMyEntity.py] [        __setupModel] [  DEBUG  32]: completed
[2019-Jul-09 16:21:00] [       modelMyEntity.py] [            getModel] [  DEBUG  46]: completed returning: <PyQt5.QtSql.QSqlQueryModel object at 0x00000264CE2BAF78>
[2019-Jul-09 16:21:00] [       modelMyEntity.py] [        getHeaderLst] [  DEBUG  36]: starting
[2019-Jul-09 16:21:00] [       modelMyEntity.py] [        getHeaderLst] [  DEBUG  38]: completed returning: ['Pk_MyEntityID', 'Entity Name']
[2019-Jul-09 16:21:00] [        contMyEntity.py] [      newBlankRecord] [  DEBUG 161]: starting
[2019-Jul-09 16:21:00] [        contMyEntity.py] [      newBlankRecord] [  DEBUG 170]: completed
[2019-Jul-09 16:21:00] [        contMyEntity.py] [            __init__] [   INFO  72]: object instantiated
[2019-Jul-09 16:21:00] [        contMyEntity.py] [            __init__] [  DEBUG  73]: completed
[2019-Jul-09 16:21:21] [        contMyEntity.py] [  btnRecords_Clicked] [  DEBUG 281]: starting
[2019-Jul-09 16:21:21] [        contMyEntity.py] [  btnRecords_Clicked] [  DEBUG 288]: completed
[2019-Jul-09 16:21:22] [        contMyEntity.py] [btnInsertEdit_Clicked] [  DEBUG 270]: starting
[2019-Jul-09 16:21:22] [        contMyEntity.py] [btnInsertEdit_Clicked] [  DEBUG 277]: completed
[2019-Jul-09 16:21:23] [        contMyEntity.py] [btnInsertEdit_Clicked] [  DEBUG 270]: starting
[2019-Jul-09 16:21:23] [        contMyEntity.py] [btnInsertEdit_Clicked] [  DEBUG 277]: completed
[2019-Jul-09 16:21:24] [        contMyEntity.py] [  btnRecords_Clicked] [  DEBUG 281]: starting
[2019-Jul-09 16:21:24] [        contMyEntity.py] [  btnRecords_Clicked] [  DEBUG 288]: completed
[2019-Jul-09 16:21:26] [        contMyEntity.py] [  btnRecords_Clicked] [  DEBUG 281]: starting
[2019-Jul-09 16:21:26] [        contMyEntity.py] [  btnRecords_Clicked] [  DEBUG 288]: completed
[2019-Jul-09 16:21:27] [        contMyEntity.py] [  btnRecords_Clicked] [  DEBUG 281]: starting
[2019-Jul-09 16:21:27] [        contMyEntity.py] [  btnRecords_Clicked] [  DEBUG 288]: completed
